[
before
[[[[0,[4,5]],[0,0]],[[[4,5],[2,6]],[9,5]]],[7,[[[3,7],[4,3]],[[6,3],[8,8]]]]]
ended with
[[[[4,0],[5,0]],[[[4,5],[2,6]],[9,5]]],[7,[[[3,7],[4,3]],[[6,3],[8,8]]]]]
[
before
[[[[4,0],[5,0]],[[[4,5],[2,6]],[9,5]]],[7,[[[3,7],[4,3]],[[6,3],[8,8]]]]]
ended with
[[[[4,0],[5,4]],[[0,[7,6]],[9,5]]],[7,[[[3,7],[4,3]],[[6,3],[8,8]]]]]
[
before
[[[[4,0],[5,4]],[[0,[7,6]],[9,5]]],[7,[[[3,7],[4,3]],[[6,3],[8,8]]]]]
ended with
[[[[4,0],[5,4]],[[7,0],[15,5]]],[7,[[[3,7],[4,3]],[[6,3],[8,8]]]]]
got
 [[[[4,0],[5,4]],[[7,0],[15,5]]],[7,[[[3,7],[4,3]],[[6,3],[8,8]]]]]
flattened ['[', '[', '[', '[', '4', ',', '0', ']', ',', '[', '5', ',', '4', ']', ']', ',', '[', '[', '7', ',', '0', ']', ',', '[', '[', '7', ',', '8', ']', ',', '5', ']', ']', ']', ',', '[', '7', ',', '[', '[', '[', '3', ',', '7', ']', ',', '[', '4', ',', '3', ']', ']', ',', '[', '[', '6', ',', '3', ']', ',', '[', '8', ',', '8', ']', ']', ']', ']', ']']
[[[[4,0],[5,4]],[[7,0],[[7,8],5]]],[7,[[[3,7],[4,3]],[[6,3],[8,8]]]]]
[
before
[[[[4,0],[5,4]],[[7,0],[[7,8],5]]],[7,[[[3,7],[4,3]],[[6,3],[8,8]]]]]
ended with
[[[[4,0],[5,4]],[[7,7],[0,13]]],[7,[[[3,7],[4,3]],[[6,3],[8,8]]]]]
got
 [[[[4,0],[5,4]],[[7,7],[0,13]]],[7,[[[3,7],[4,3]],[[6,3],[8,8]]]]]
flattened ['[', '[', '[', '[', '4', ',', '0', ']', ',', '[', '5', ',', '4', ']', ']', ',', '[', '[', '7', ',', '7', ']', ',', '[', '0', ',', '[', '6', ',', '7', ']', ']', ']', ']', ',', '[', '7', ',', '[', '[', '[', '3', ',', '7', ']', ',', '[', '4', ',', '3', ']', ']', ',', '[', '[', '6', ',', '3', ']', ',', '[', '8', ',', '8', ']', ']', ']', ']', ']']
[[[[4,0],[5,4]],[[7,7],[0,[6,7]]]],[7,[[[3,7],[4,3]],[[6,3],[8,8]]]]]
[
before
[[[[4,0],[5,4]],[[7,7],[0,[6,7]]]],[7,[[[3,7],[4,3]],[[6,3],[8,8]]]]]
ended with
[[[[4,0],[5,4]],[[7,7],[6,0]]],[14,[[[3,7],[4,3]],[[6,3],[8,8]]]]]
got
 [[[[4,0],[5,4]],[[7,7],[6,0]]],[14,[[[3,7],[4,3]],[[6,3],[8,8]]]]]
flattened ['[', '[', '[', '[', '4', ',', '0', ']', ',', '[', '5', ',', '4', ']', ']', ',', '[', '[', '7', ',', '7', ']', ',', '[', '6', ',', '0', ']', ']', ']', ',', '[', '[', '7', ',', '7', ']', ',', '[', '[', '[', '3', ',', '7', ']', ',', '[', '4', ',', '3', ']', ']', ',', '[', '[', '6', ',', '3', ']', ',', '[', '8', ',', '8', ']', ']', ']', ']', ']']
[[[[4,0],[5,4]],[[7,7],[6,0]]],[[7,7],[[[3,7],[4,3]],[[6,3],[8,8]]]]]
[
before
[[[[4,0],[5,4]],[[7,7],[6,0]]],[[7,7],[[[3,7],[4,3]],[[6,3],[8,8]]]]]
ended with
[[[[4,0],[5,4]],[[7,7],[6,0]]],[[7,10],[[0,[11,3]],[[6,3],[8,8]]]]]
got
 [[[[4,0],[5,4]],[[7,7],[6,0]]],[[7,10],[[0,[11,3]],[[6,3],[8,8]]]]]
flattened ['[', '[', '[', '[', '4', ',', '0', ']', ',', '[', '5', ',', '4', ']', ']', ',', '[', '[', '7', ',', '7', ']', ',', '[', '6', ',', '0', ']', ']', ']', ',', '[', '[', '7', ',', '[', '5', ',', '5', ']', ']', ',', '[', '[', '0', ',', '[', '1', '1', ',', '3', ']', ']', ',', '[', '[', '6', ',', '3', ']', ',', '[', '8', ',', '8', ']', ']', ']', ']', ']']
[[[[4,0],[5,4]],[[7,7],[6,0]]],[[7,[5,5]],[[0,[11,3]],[[6,3],[8,8]]]]]
[
before
[[[[4,0],[5,4]],[[7,7],[6,0]]],[[7,[5,5]],[[0,[11,3]],[[6,3],[8,8]]]]]
ended with
[[[[4,0],[5,4]],[[7,7],[6,0]]],[[7,[5,5]],[[11,0],[[9,3],[8,8]]]]]
got
 [[[[4,0],[5,4]],[[7,7],[6,0]]],[[7,[5,5]],[[11,0],[[9,3],[8,8]]]]]
flattened ['[', '[', '[', '[', '4', ',', '0', ']', ',', '[', '5', ',', '4', ']', ']', ',', '[', '[', '7', ',', '7', ']', ',', '[', '6', ',', '0', ']', ']', ']', ',', '[', '[', '7', ',', '[', '5', ',', '5', ']', ']', ',', '[', '[', '[', '5', ',', '6', ']', ',', '0', ']', ',', '[', '[', '9', ',', '3', ']', ',', '[', '8', ',', '8', ']', ']', ']', ']', ']']
[[[[4,0],[5,4]],[[7,7],[6,0]]],[[7,[5,5]],[[[5,6],0],[[9,3],[8,8]]]]]
[
before
[[[[4,0],[5,4]],[[7,7],[6,0]]],[[7,[5,5]],[[[5,6],0],[[9,3],[8,8]]]]]
ended with
[[[[4,0],[5,4]],[[7,7],[6,0]]],[[7,[5,10]],[[0,6],[[9,3],[8,8]]]]]
got
 [[[[4,0],[5,4]],[[7,7],[6,0]]],[[7,[5,10]],[[0,6],[[9,3],[8,8]]]]]
flattened ['[', '[', '[', '[', '4', ',', '0', ']', ',', '[', '5', ',', '4', ']', ']', ',', '[', '[', '7', ',', '7', ']', ',', '[', '6', ',', '0', ']', ']', ']', ',', '[', '[', '7', ',', '[', '5', ',', '[', '5', ',', '5', ']', ']', ']', ',', '[', '[', '0', ',', '6', ']', ',', '[', '[', '9', ',', '3', ']', ',', '[', '8', ',', '8', ']', ']', ']', ']', ']']
[[[[4,0],[5,4]],[[7,7],[6,0]]],[[7,[5,[5,5]]],[[0,6],[[9,3],[8,8]]]]]
[
before
[[[[4,0],[5,4]],[[7,7],[6,0]]],[[7,[5,[5,5]]],[[0,6],[[9,3],[8,8]]]]]
ended with
[[[[4,0],[5,4]],[[7,7],[6,0]]],[[7,[10,0]],[[5,6],[[9,3],[8,8]]]]]
got
 [[[[4,0],[5,4]],[[7,7],[6,0]]],[[7,[10,0]],[[5,6],[[9,3],[8,8]]]]]
flattened ['[', '[', '[', '[', '4', ',', '0', ']', ',', '[', '5', ',', '4', ']', ']', ',', '[', '[', '7', ',', '7', ']', ',', '[', '6', ',', '0', ']', ']', ']', ',', '[', '[', '7', ',', '[', '[', '5', ',', '5', ']', ',', '0', ']', ']', ',', '[', '[', '5', ',', '6', ']', ',', '[', '[', '9', ',', '3', ']', ',', '[', '8', ',', '8', ']', ']', ']', ']', ']']
[[[[4,0],[5,4]],[[7,7],[6,0]]],[[7,[[5,5],0]],[[5,6],[[9,3],[8,8]]]]]
[
before
[[[[4,0],[5,4]],[[7,7],[6,0]]],[[7,[[5,5],0]],[[5,6],[[9,3],[8,8]]]]]
ended with
[[[[4,0],[5,4]],[[7,7],[6,0]]],[[12,[0,5]],[[5,6],[[9,3],[8,8]]]]]
got
 [[[[4,0],[5,4]],[[7,7],[6,0]]],[[12,[0,5]],[[5,6],[[9,3],[8,8]]]]]
flattened ['[', '[', '[', '[', '4', ',', '0', ']', ',', '[', '5', ',', '4', ']', ']', ',', '[', '[', '7', ',', '7', ']', ',', '[', '6', ',', '0', ']', ']', ']', ',', '[', '[', '[', '6', ',', '6', ']', ',', '[', '0', ',', '5', ']', ']', ',', '[', '[', '5', ',', '6', ']', ',', '[', '[', '9', ',', '3', ']', ',', '[', '8', ',', '8', ']', ']', ']', ']', ']']
[[[[4,0],[5,4]],[[7,7],[6,0]]],[[[6,6],[0,5]],[[5,6],[[9,3],[8,8]]]]]
[
before
[[[[4,0],[5,4]],[[7,7],[6,0]]],[[[6,6],[0,5]],[[5,6],[[9,3],[8,8]]]]]
ended with
[[[[4,0],[5,4]],[[7,7],[6,0]]],[[[6,6],[0,5]],[[5,15],[0,[11,8]]]]]
got
 [[[[4,0],[5,4]],[[7,7],[6,0]]],[[[6,6],[0,5]],[[5,15],[0,[11,8]]]]]
flattened ['[', '[', '[', '[', '4', ',', '0', ']', ',', '[', '5', ',', '4', ']', ']', ',', '[', '[', '7', ',', '7', ']', ',', '[', '6', ',', '0', ']', ']', ']', ',', '[', '[', '[', '6', ',', '6', ']', ',', '[', '0', ',', '5', ']', ']', ',', '[', '[', '5', ',', '[', '7', ',', '8', ']', ']', ',', '[', '0', ',', '[', '1', '1', ',', '8', ']', ']', ']', ']', ']']
[[[[4,0],[5,4]],[[7,7],[6,0]]],[[[6,6],[0,5]],[[5,[7,8]],[0,[11,8]]]]]
[
before
[[[[4,0],[5,4]],[[7,7],[6,0]]],[[[6,6],[0,5]],[[5,[7,8]],[0,[11,8]]]]]
ended with
[[[[4,0],[5,4]],[[7,7],[6,0]]],[[[6,6],[0,5]],[[12,0],[8,[11,8]]]]]
got
 [[[[4,0],[5,4]],[[7,7],[6,0]]],[[[6,6],[0,5]],[[12,0],[8,[11,8]]]]]
flattened ['[', '[', '[', '[', '4', ',', '0', ']', ',', '[', '5', ',', '4', ']', ']', ',', '[', '[', '7', ',', '7', ']', ',', '[', '6', ',', '0', ']', ']', ']', ',', '[', '[', '[', '6', ',', '6', ']', ',', '[', '0', ',', '5', ']', ']', ',', '[', '[', '[', '6', ',', '6', ']', ',', '0', ']', ',', '[', '8', ',', '[', '1', '1', ',', '8', ']', ']', ']', ']', ']']
[[[[4,0],[5,4]],[[7,7],[6,0]]],[[[6,6],[0,5]],[[[6,6],0],[8,[11,8]]]]]
[
before
[[[[4,0],[5,4]],[[7,7],[6,0]]],[[[6,6],[0,5]],[[[6,6],0],[8,[11,8]]]]]
ended with
[[[[4,0],[5,4]],[[7,7],[6,0]]],[[[6,6],[0,11]],[[0,6],[8,[11,8]]]]]
got
 [[[[4,0],[5,4]],[[7,7],[6,0]]],[[[6,6],[0,11]],[[0,6],[8,[11,8]]]]]
flattened ['[', '[', '[', '[', '4', ',', '0', ']', ',', '[', '5', ',', '4', ']', ']', ',', '[', '[', '7', ',', '7', ']', ',', '[', '6', ',', '0', ']', ']', ']', ',', '[', '[', '[', '6', ',', '6', ']', ',', '[', '0', ',', '[', '5', ',', '6', ']', ']', ']', ',', '[', '[', '0', ',', '6', ']', ',', '[', '8', ',', '[', '1', '1', ',', '8', ']', ']', ']', ']', ']']
[[[[4,0],[5,4]],[[7,7],[6,0]]],[[[6,6],[0,[5,6]]],[[0,6],[8,[11,8]]]]]
[
before
[[[[4,0],[5,4]],[[7,7],[6,0]]],[[[6,6],[0,[5,6]]],[[0,6],[8,[11,8]]]]]
ended with
[[[[4,0],[5,4]],[[7,7],[6,0]]],[[[6,6],[5,0]],[[6,6],[8,[11,8]]]]]
[
before
[[[[4,0],[5,4]],[[7,7],[6,0]]],[[[6,6],[5,0]],[[6,6],[8,[11,8]]]]]
ended with
[[[[4,0],[5,4]],[[7,7],[6,0]]],[[[6,6],[5,0]],[[6,6],[19,0]]]]
got
 [[[[4,0],[5,4]],[[7,7],[6,0]]],[[[6,6],[5,0]],[[6,6],[19,0]]]]
flattened ['[', '[', '[', '[', '4', ',', '0', ']', ',', '[', '5', ',', '4', ']', ']', ',', '[', '[', '7', ',', '7', ']', ',', '[', '6', ',', '0', ']', ']', ']', ',', '[', '[', '[', '6', ',', '6', ']', ',', '[', '5', ',', '0', ']', ']', ',', '[', '[', '6', ',', '6', ']', ',', '[', '[', '9', ',', '1', '0', ']', ',', '0', ']', ']', ']', ']']
[[[[4,0],[5,4]],[[7,7],[6,0]]],[[[6,6],[5,0]],[[6,6],[[9,10],0]]]]
[
before
[[[[4,0],[5,4]],[[7,7],[6,0]]],[[[6,6],[5,0]],[[6,6],[[9,10],0]]]]
ended with
[[[[4,0],[5,4]],[[7,7],[6,0]]],[[[6,6],[5,0]],[[6,15],[0,10]]]]
got
 [[[[4,0],[5,4]],[[7,7],[6,0]]],[[[6,6],[5,0]],[[6,15],[0,10]]]]
flattened ['[', '[', '[', '[', '4', ',', '0', ']', ',', '[', '5', ',', '4', ']', ']', ',', '[', '[', '7', ',', '7', ']', ',', '[', '6', ',', '0', ']', ']', ']', ',', '[', '[', '[', '6', ',', '6', ']', ',', '[', '5', ',', '0', ']', ']', ',', '[', '[', '6', ',', '[', '7', ',', '8', ']', ']', ',', '[', '0', ',', '1', '0', ']', ']', ']', ']']
[[[[4,0],[5,4]],[[7,7],[6,0]]],[[[6,6],[5,0]],[[6,[7,8]],[0,10]]]]
[
before
[[[[4,0],[5,4]],[[7,7],[6,0]]],[[[6,6],[5,0]],[[6,[7,8]],[0,10]]]]
ended with
[[[[4,0],[5,4]],[[7,7],[6,0]]],[[[6,6],[5,0]],[[13,0],[8,10]]]]
got
 [[[[4,0],[5,4]],[[7,7],[6,0]]],[[[6,6],[5,0]],[[13,0],[8,10]]]]
flattened ['[', '[', '[', '[', '4', ',', '0', ']', ',', '[', '5', ',', '4', ']', ']', ',', '[', '[', '7', ',', '7', ']', ',', '[', '6', ',', '0', ']', ']', ']', ',', '[', '[', '[', '6', ',', '6', ']', ',', '[', '5', ',', '0', ']', ']', ',', '[', '[', '[', '6', ',', '7', ']', ',', '0', ']', ',', '[', '8', ',', '1', '0', ']', ']', ']', ']']
[[[[4,0],[5,4]],[[7,7],[6,0]]],[[[6,6],[5,0]],[[[6,7],0],[8,10]]]]
[
before
[[[[4,0],[5,4]],[[7,7],[6,0]]],[[[6,6],[5,0]],[[[6,7],0],[8,10]]]]
ended with
[[[[4,0],[5,4]],[[7,7],[6,0]]],[[[6,6],[5,6]],[[0,7],[8,10]]]]
got
 [[[[4,0],[5,4]],[[7,7],[6,0]]],[[[6,6],[5,6]],[[0,7],[8,10]]]]
flattened ['[', '[', '[', '[', '4', ',', '0', ']', ',', '[', '5', ',', '4', ']', ']', ',', '[', '[', '7', ',', '7', ']', ',', '[', '6', ',', '0', ']', ']', ']', ',', '[', '[', '[', '6', ',', '6', ']', ',', '[', '5', ',', '6', ']', ']', ',', '[', '[', '0', ',', '7', ']', ',', '[', '8', ',', '[', '5', ',', '5', ']', ']', ']', ']', ']']
[[[[4,0],[5,4]],[[7,7],[6,0]]],[[[6,6],[5,6]],[[0,7],[8,[5,5]]]]]
[
before
[[[[4,0],[5,4]],[[7,7],[6,0]]],[[[6,6],[5,6]],[[0,7],[8,[5,5]]]]]
ended with
[[[[4,0],[5,4]],[[7,7],[6,0]]],[[[6,6],[5,6]],[[0,7],[13,0]]]]
got
 [[[[4,0],[5,4]],[[7,7],[6,0]]],[[[6,6],[5,6]],[[0,7],[13,0]]]]
flattened ['[', '[', '[', '[', '4', ',', '0', ']', ',', '[', '5', ',', '4', ']', ']', ',', '[', '[', '7', ',', '7', ']', ',', '[', '6', ',', '0', ']', ']', ']', ',', '[', '[', '[', '6', ',', '6', ']', ',', '[', '5', ',', '6', ']', ']', ',', '[', '[', '0', ',', '7', ']', ',', '[', '[', '6', ',', '7', ']', ',', '0', ']', ']', ']', ']']
[[[[4,0],[5,4]],[[7,7],[6,0]]],[[[6,6],[5,6]],[[0,7],[[6,7],0]]]]
[
before
[[[[4,0],[5,4]],[[7,7],[6,0]]],[[[6,6],[5,6]],[[0,7],[[6,7],0]]]]
ended with
[[[[4,0],[5,4]],[[7,7],[6,0]]],[[[6,6],[5,6]],[[0,13],[0,7]]]]
got
 [[[[4,0],[5,4]],[[7,7],[6,0]]],[[[6,6],[5,6]],[[0,13],[0,7]]]]
flattened ['[', '[', '[', '[', '4', ',', '0', ']', ',', '[', '5', ',', '4', ']', ']', ',', '[', '[', '7', ',', '7', ']', ',', '[', '6', ',', '0', ']', ']', ']', ',', '[', '[', '[', '6', ',', '6', ']', ',', '[', '5', ',', '6', ']', ']', ',', '[', '[', '0', ',', '[', '6', ',', '7', ']', ']', ',', '[', '0', ',', '7', ']', ']', ']', ']']
[[[[4,0],[5,4]],[[7,7],[6,0]]],[[[6,6],[5,6]],[[0,[6,7]],[0,7]]]]
[
before
[[[[4,0],[5,4]],[[7,7],[6,0]]],[[[6,6],[5,6]],[[0,[6,7]],[0,7]]]]
ended with
[[[[4,0],[5,4]],[[7,7],[6,0]]],[[[6,6],[5,6]],[[6,0],[7,7]]]]
[[[[4,0],[5,4]],[[7,7],[6,0]]],[[[6,6],[5,6]],[[6,0],[7,7]]]]
[[[[4,0],[5,4]],[[7,7],[6,0]]],[[[6,6],[5,6]],[[6,0],[7,7]]]]
